# JRE version: OpenJDK Runtime Environment (8.0_171-b10) (build 1.8.0_171-b10)
# Java VM: OpenJDK 64-Bit Server VM (25.171-b10 mixed mode linux-amd64 compressed oops)
Heap:
 PSYoungGen      total 313856K, used 0K [0x00000000eb300000, 0x0000000100000000, 0x0000000100000000)
  eden space 290304K, 0% used [0x00000000eb300000,0x00000000eb300000,0x00000000fce80000)
  from space 23552K, 0% used [0x00000000fce80000,0x00000000fce80000,0x00000000fe580000)
  to   space 22528K, 0% used [0x00000000fea00000,0x00000000fea00000,0x0000000100000000)
 ParOldGen       total 96768K, used 44132K [0x00000000c1800000, 0x00000000c7680000, 0x00000000eb300000)
  object space 96768K, 45% used [0x00000000c1800000,0x00000000c43192c0,0x00000000c7680000)
 Metaspace       used 35005K, capacity 35230K, committed 35416K, reserved 1081344K
  class space    used 3977K, capacity 4062K, committed 4096K, reserved 1048576K
GC Heap History (10 events):
Event: 4.131 GC heap after
Heap after GC invocations=6 (full 0):
 PSYoungGen      total 256512K, used 10231K [0x00000000eb300000, 0x00000000fe600000, 0x0000000100000000)
  eden space 246272K, 0% used [0x00000000eb300000,0x00000000eb300000,0x00000000fa380000)
  from space 10240K, 99% used [0x00000000fbd00000,0x00000000fc6fdf08,0x00000000fc700000)
  to   space 26112K, 0% used [0x00000000fa380000,0x00000000fa380000,0x00000000fbd00000)
 ParOldGen       total 86016K, used 32863K [0x00000000c1800000, 0x00000000c6c00000, 0x00000000eb300000)
  object space 86016K, 38% used [0x00000000c1800000,0x00000000c3817c80,0x00000000c6c00000)
 Metaspace       used 20912K, capacity 21138K, committed 21248K, reserved 1069056K
  class space    used 2381K, capacity 2486K, committed 2560K, reserved 1048576K
}
Event: 4.131 GC heap before
{Heap before GC invocations=7 (full 1):
 PSYoungGen      total 256512K, used 10231K [0x00000000eb300000, 0x00000000fe600000, 0x0000000100000000)
  eden space 246272K, 0% used [0x00000000eb300000,0x00000000eb300000,0x00000000fa380000)
  from space 10240K, 99% used [0x00000000fbd00000,0x00000000fc6fdf08,0x00000000fc700000)
  to   space 26112K, 0% used [0x00000000fa380000,0x00000000fa380000,0x00000000fbd00000)
 ParOldGen       total 86016K, used 32863K [0x00000000c1800000, 0x00000000c6c00000, 0x00000000eb300000)
  object space 86016K, 38% used [0x00000000c1800000,0x00000000c3817c80,0x00000000c6c00000)
 Metaspace       used 20912K, capacity 21138K, committed 21248K, reserved 1069056K
  class space    used 2381K, capacity 2486K, committed 2560K, reserved 1048576K
Event: 4.254 GC heap after
Heap after GC invocations=7 (full 1):
 PSYoungGen      total 256512K, used 0K [0x00000000eb300000, 0x00000000fe600000, 0x0000000100000000)
  eden space 246272K, 0% used [0x00000000eb300000,0x00000000eb300000,0x00000000fa380000)
  from space 10240K, 0% used [0x00000000fbd00000,0x00000000fbd00000,0x00000000fc700000)
  to   space 26112K, 0% used [0x00000000fa380000,0x00000000fa380000,0x00000000fbd00000)
 ParOldGen       total 96768K, used 37125K [0x00000000c1800000, 0x00000000c7680000, 0x00000000eb300000)
  object space 96768K, 38% used [0x00000000c1800000,0x00000000c3c41720,0x00000000c7680000)
 Metaspace       used 20912K, capacity 21138K, committed 21248K, reserved 1069056K
  class space    used 2381K, capacity 2486K, committed 2560K, reserved 1048576K
}
Event: 5.202 GC heap before
{Heap before GC invocations=8 (full 1):
 PSYoungGen      total 256512K, used 246272K [0x00000000eb300000, 0x00000000fe600000, 0x0000000100000000)
  eden space 246272K, 100% used [0x00000000eb300000,0x00000000fa380000,0x00000000fa380000)
  from space 10240K, 0% used [0x00000000fbd00000,0x00000000fbd00000,0x00000000fc700000)
  to   space 26112K, 0% used [0x00000000fa380000,0x00000000fa380000,0x00000000fbd00000)
 ParOldGen       total 96768K, used 37125K [0x00000000c1800000, 0x00000000c7680000, 0x00000000eb300000)
  object space 96768K, 38% used [0x00000000c1800000,0x00000000c3c41720,0x00000000c7680000)
 Metaspace       used 24811K, capacity 25074K, committed 25216K, reserved 1071104K
  class space    used 2755K, capacity 2838K, committed 2944K, reserved 1048576K
Event: 5.212 GC heap after
Heap after GC invocations=8 (full 1):
 PSYoungGen      total 272384K, used 7762K [0x00000000eb300000, 0x0000000100000000, 0x0000000100000000)
  eden space 246272K, 0% used [0x00000000eb300000,0x00000000eb300000,0x00000000fa380000)
  from space 26112K, 29% used [0x00000000fa380000,0x00000000fab148b0,0x00000000fbd00000)
  to   space 24576K, 0% used [0x00000000fe800000,0x00000000fe800000,0x0000000100000000)
 ParOldGen       total 96768K, used 37133K [0x00000000c1800000, 0x00000000c7680000, 0x00000000eb300000)
  object space 96768K, 38% used [0x00000000c1800000,0x00000000c3c43720,0x00000000c7680000)
 Metaspace       used 24811K, capacity 25074K, committed 25216K, reserved 1071104K
  class space    used 2755K, capacity 2838K, committed 2944K, reserved 1048576K
}
Event: 6.399 GC heap before
{Heap before GC invocations=9 (full 1):
 PSYoungGen      total 272384K, used 254034K [0x00000000eb300000, 0x0000000100000000, 0x0000000100000000)
  eden space 246272K, 100% used [0x00000000eb300000,0x00000000fa380000,0x00000000fa380000)
  from space 26112K, 29% used [0x00000000fa380000,0x00000000fab148b0,0x00000000fbd00000)
  to   space 24576K, 0% used [0x00000000fe800000,0x00000000fe800000,0x0000000100000000)
 ParOldGen       total 96768K, used 37133K [0x00000000c1800000, 0x00000000c7680000, 0x00000000eb300000)
  object space 96768K, 38% used [0x00000000c1800000,0x00000000c3c43720,0x00000000c7680000)
 Metaspace       used 30251K, capacity 30490K, committed 30592K, reserved 1077248K
  class space    used 3359K, capacity 3448K, committed 3456K, reserved 1048576K
Event: 6.420 GC heap after
Heap after GC invocations=9 (full 1):
 PSYoungGen      total 311296K, used 7052K [0x00000000eb300000, 0x00000000ffc80000, 0x0000000100000000)
  eden space 290304K, 0% used [0x00000000eb300000,0x00000000eb300000,0x00000000fce80000)
  from space 20992K, 33% used [0x00000000fe800000,0x00000000feee3378,0x00000000ffc80000)
  to   space 23552K, 0% used [0x00000000fce80000,0x00000000fce80000,0x00000000fe580000)
 ParOldGen       total 96768K, used 37141K [0x00000000c1800000, 0x00000000c7680000, 0x00000000eb300000)
  object space 96768K, 38% used [0x00000000c1800000,0x00000000c3c45720,0x00000000c7680000)
 Metaspace       used 30251K, capacity 30490K, committed 30592K, reserved 1077248K
  class space    used 3359K, capacity 3448K, committed 3456K, reserved 1048576K
}
Event: 7.903 GC heap before
{Heap before GC invocations=10 (full 1):
 PSYoungGen      total 311296K, used 145568K [0x00000000eb300000, 0x00000000ffc80000, 0x0000000100000000)
  eden space 290304K, 47% used [0x00000000eb300000,0x00000000f3a44f90,0x00000000fce80000)
  from space 20992K, 33% used [0x00000000fe800000,0x00000000feee3378,0x00000000ffc80000)
  to   space 23552K, 0% used [0x00000000fce80000,0x00000000fce80000,0x00000000fe580000)
 ParOldGen       total 96768K, used 37141K [0x00000000c1800000, 0x00000000c7680000, 0x00000000eb300000)
  object space 96768K, 38% used [0x00000000c1800000,0x00000000c3c45720,0x00000000c7680000)
 Metaspace       used 35005K, capacity 35230K, committed 35416K, reserved 1081344K
  class space    used 3977K, capacity 4062K, committed 4096K, reserved 1048576K
Event: 7.919 GC heap after
Heap after GC invocations=10 (full 1):
 PSYoungGen      total 313856K, used 8639K [0x00000000eb300000, 0x0000000100000000, 0x0000000100000000)
  eden space 290304K, 0% used [0x00000000eb300000,0x00000000eb300000,0x00000000fce80000)
  from space 23552K, 36% used [0x00000000fce80000,0x00000000fd6efc50,0x00000000fe580000)
  to   space 22528K, 0% used [0x00000000fea00000,0x00000000fea00000,0x0000000100000000)
 ParOldGen       total 96768K, used 37149K [0x00000000c1800000, 0x00000000c7680000, 0x00000000eb300000)
  object space 96768K, 38% used [0x00000000c1800000,0x00000000c3c47720,0x00000000c7680000)
 Metaspace       used 35005K, capacity 35230K, committed 35416K, reserved 1081344K
  class space    used 3977K, capacity 4062K, committed 4096K, reserved 1048576K
}
Event: 7.920 GC heap before
{Heap before GC invocations=11 (full 2):
 PSYoungGen      total 313856K, used 8639K [0x00000000eb300000, 0x0000000100000000, 0x0000000100000000)
  eden space 290304K, 0% used [0x00000000eb300000,0x00000000eb300000,0x00000000fce80000)
  from space 23552K, 36% used [0x00000000fce80000,0x00000000fd6efc50,0x00000000fe580000)
  to   space 22528K, 0% used [0x00000000fea00000,0x00000000fea00000,0x0000000100000000)
 ParOldGen       total 96768K, used 37149K [0x00000000c1800000, 0x00000000c7680000, 0x00000000eb300000)
  object space 96768K, 38% used [0x00000000c1800000,0x00000000c3c47720,0x00000000c7680000)
 Metaspace       used 35005K, capacity 35230K, committed 35416K, reserved 1081344K
  class space    used 3977K, capacity 4062K, committed 4096K, reserved 1048576K

